New Request
User in process: 1
Processing item 0
Proccessing item index 0 in collection 278
User in process: 1
Processing item 1
Proccessing item index 1 in collection 278
User in process: 1
Processing item 2
Proccessing item index 2 in collection 278
User in process: 1
Processing item 3
Proccessing item index 3 in collection 278
User in process: 1
Processing item 4
Proccessing item index 4 in collection 278
User in process: 1
Processing item 5
Proccessing item index 5 in collection 278
User in process: 1
Processing item 6
Proccessing item index 6 in collection 278
User in process: 1
Processing item 7
Proccessing item index 7 in collection 278
User in process: 1
Processing item 8
Proccessing item index 8 in collection 278
User in process: 1
Processing item 9
Proccessing item index 9 in collection 278
User in process: 1
Processing item 10
Proccessing item index 10 in collection 278
User in process: 1
Processing item 11
Proccessing item index 11 in collection 278
User in process: 1
Processing item 12
Proccessing item index 12 in collection 278
User in process: 1
Processing item 13
Proccessing item index 13 in collection 278
User in process: 1
Processing item 14
Proccessing item index 14 in collection 278
User in process: 1
Processing item 15
Proccessing item index 15 in collection 278
User in process: 1
Processing item 16
Proccessing item index 16 in collection 278
User in process: 1
Processing item 17
Proccessing item index 17 in collection 278
User in process: 1
Processing item 18
Proccessing item index 18 in collection 278
User in process: 1
Processing item 19
Proccessing item index 19 in collection 278
User in process: 1
Processing item 20
Proccessing item index 20 in collection 278
User in process: 1
Processing item 21
Proccessing item index 21 in collection 278
User in process: 1
Processing item 22
Proccessing item index 22 in collection 278
User in process: 1
Processing item 23
Proccessing item index 23 in collection 278
User in process: 1
Processing item 24
Proccessing item index 24 in collection 278
User in process: 1
Processing item 25
Proccessing item index 25 in collection 278
User in process: 1
Processing item 26
Proccessing item index 26 in collection 278
User in process: 1
Processing item 27
Proccessing item index 27 in collection 278
User in process: 1
Processing item 28
Proccessing item index 28 in collection 278
User in process: 1
Processing item 29
Proccessing item index 29 in collection 278
User in process: 1
Processing item 30
Proccessing item index 30 in collection 278
User in process: 1
Processing item 31
Proccessing item index 31 in collection 278
User in process: 1
Processing item 32
Proccessing item index 32 in collection 278
User in process: 1
Processing item 33
Proccessing item index 33 in collection 278
User in process: 1
Processing item 34
Proccessing item index 34 in collection 278
User in process: 1
Processing item 35
Proccessing item index 35 in collection 278
User in process: 1
Processing item 36
Proccessing item index 36 in collection 278
item index 
Success to proccess index: 36
Inserting item 36
User in process: 1
Processing item 37
Proccessing item index 37 in collection 278
User in process: 1
Processing item 38
Proccessing item index 38 in collection 278
User in process: 1
Processing item 39
Proccessing item index 39 in collection 278
User in process: 1
Processing item 40
Proccessing item index 40 in collection 278
User in process: 1
Processing item 41
Proccessing item index 41 in collection 278
User in process: 1
Processing item 42
Proccessing item index 42 in collection 278
User in process: 1
Processing item 43
Proccessing item index 43 in collection 278
User in process: 1
Processing item 44
Proccessing item index 44 in collection 278
User in process: 1
Processing item 45
Proccessing item index 45 in collection 278
item index 
Success to proccess index: 45
Inserting item 45
User in process: 1
Processing item 46
Proccessing item index 46 in collection 278
User in process: 1
Processing item 47
Proccessing item index 47 in collection 278
User in process: 1
Processing item 48
Proccessing item index 48 in collection 278
User in process: 1
Processing item 49
Proccessing item index 49 in collection 278
User in process: 1
Processing item 50
Proccessing item index 50 in collection 278
User in process: 1
Processing item 51
Proccessing item index 51 in collection 278
User in process: 1
Processing item 52
Proccessing item index 52 in collection 278
User in process: 1
Processing item 53
Proccessing item index 53 in collection 278
User in process: 1
Processing item 54
Proccessing item index 54 in collection 278
Process Finished
